Branch indexing
[Sun Apr 14 06:59:39 UTC 2019] Starting branch indexing...
[8mha:////4GKi9vAycQtTg12eHttF6FiNAODPQqL3VeW1iOrwn1PiAAAAhB+LCAAAAAAAAP9b85aBtbiIwSa/KF0vKzUvOzOvODlTryCnNB3I0kvPLMkoTYpPKkrMS86IL84vLUpO1XPPLPEoTXLOzyvOz0n1yy9JZYAARiYGRi8GzpLM3NTiksTcgooiBqmM0pTi/Dy9ZIhiPayaGCoKgHSW1JIvPQCW5aKHjgAAAA==[0mConnecting to https://api.github.com with no credentials, anonymous access
[8mha:////4NBRPwoCRw1Ah26gKdigK+/BANFVuuaRZ9RyCYJ8pL0kAAAAhB+LCAAAAAAAAP9b85aBtbiIwSa/KF0vKzUvOzOvODlTryCnNB3I0kvPLMkoTYpPKkrMS86IL84vLUpO1XPPLPEoTXLOzyvOz0n1yy9JZYAARiYGRi8GzpLM3NTiksTcgooiBqmM0pTi/Dy9ZIhiPayaGCoKgHSW1JLvlQDGsFhhjgAAAA==[0mGitHub API Usage: Current quota has 30 remaining (0 under budget). Next quota of 60 in 23 min
Examining [8mha:////4BI1v2ybGM5FLCHUICwabBX9X8LT0QmGK2j60YUw+qH1AAAArh+LCAAAAAAAAP9b85aBtbiIQSajNKU4P08vOT+vOD8nVc+jsiC1KCczL9svvyTVzHb1RttJBUeZGJg8GdhyUvPSSzJ8GJhLi3JKGIR8shLLEvVzEvPS9YNLijLz0q0rihik0IxzhtAgwxgggJGJgaGiAMiQLWEwyCgpKSi20tdPzyzJKE0C6srVryoCGptjYapfnBqfkZqTkx9fADS8JLUoPrGgAADqeQ1HtQAAAA==[0mzraval85/se_hello_printer_app

  Checking branches...
[8mha:////4Gtoc4fpgtdnqFy0IkitedmX7Ec05ilSSyfF9c8WM349AAAAhB+LCAAAAAAAAP9b85aBtbiIwSa/KF0vKzUvOzOvODlTryCnNB3I0kvPLMkoTYpPKkrMS86IL84vLUpO1XPPLPEoTXLOzyvOz0n1yy9JZYAARiYGRi8GzpLM3NTiksTcgooiBqmM0pTi/Dy9ZIhiPayaGCoKgHSW1JIfbgA0gaZQjgAAAA==[0mGitHub API Usage: Current quota has 30 remaining (0 under budget). Next quota of 60 in 23 min

  Getting remote branches...

    Checking branch [8mha:////4N7a4I9SL1v/Ae1t0eW0t583nR1Q0agWWKzKMPDLdpPnAAAAth+LCAAAAAAAAP9dzLENwjAQBdAjiAxAiZghrkAISEUDUkTDAJGBkx242JZ9QYExWAMahmAcdsAoHdf8+8V/zw8Mgoexbo7BmuxgTbCE2frq0FNlzlvLOM0fr/zu3gkkG0gJjWJdQL/xxDAsTvIiBUmjxI59ZdSi9TD641Zd/jDorpcAtC4+KcNSM7swF0JVrJt9XNXi5iNLs4kIWGoksqWLOKMvpXOCPaKoZYj9C40fNOzBAAAA[0mmaster
[8mha:////4G9ZLAzY42E4dZRvp4sFxLHvp1sfewDzAtexTEwyVxrFAAAAhB+LCAAAAAAAAP9b85aBtbiIwSa/KF0vKzUvOzOvODlTryCnNB3I0kvPLMkoTYpPKkrMS86IL84vLUpO1XPPLPEoTXLOzyvOz0n1yy9JZYAARiYGRi8GzpLM3NTiksTcgooiBqmM0pTi/Dy9ZIhiPayaGCoKgHSW1JIfrwFhXsH4jgAAAA==[0mGitHub API Usage: Current quota has 30 remaining (0 under budget). Next quota of 60 in 23 min

  Getting remote pull requests...
      ‘Jenkinsfile’ found
    Met criteria
No changes detected: master (still at 1116243c7aea4054b3e29731831e462eccf3d042)
[8mha:////4ONAs/vWzQSxFhPUu0T4ytyY5Q8ZjXMNlAtyfN+lXkr3AAAAhB+LCAAAAAAAAP9b85aBtbiIwSa/KF0vKzUvOzOvODlTryCnNB3I0kvPLMkoTYpPKkrMS86IL84vLUpO1XPPLPEoTXLOzyvOz0n1yy9JZYAARiYGRi8GzpLM3NTiksTcgooiBqmM0pTi/Dy9ZIhiPayaGCoKgHSW1JJfFQAd/vGjjgAAAA==[0mGitHub API Usage: Current quota has 30 remaining (0 under budget). Next quota of 60 in 23 min

    Checking branch [8mha:////4O8WJEMN8UFJ8mD7fI9RQSpZmVSOnd+Xt80yBxJ+BEqOAAAAvx+LCAAAAAAAAP9dzEEOAUEQBdAywgHESpxBr4gQKxtEbByg00yZHlp3pbpGhmO4BhuHcBx3MDI7f/P/5r/nB1qRoW+LNAY/2Acfg8PB4krILvenTRAczR6v2Z3eCSRLaDv0mdg1NAt2Ap310VyMcsZnaiuc+2xaMvT+uHndPwzqNBKAkqrRFVhZEYoTpbJcbLGrXmd144p146GKqC06FzRVuCBrQ6SEEZVJUx0LosCiD4G1N2f8AoGAV2XPAAAA[0madd_support_for_name
      ‘Jenkinsfile’ found
    Met criteria
No changes detected: add_support_for_name (still at 14817b9bacb667a2a55b24fa36d686b37fec7b46)
[8mha:////4G+TdwzQC5KIWZWXwWVT2B7zo4QZJc04qLA8LP/10siLAAAAhB+LCAAAAAAAAP9b85aBtbiIwSa/KF0vKzUvOzOvODlTryCnNB3I0kvPLMkoTYpPKkrMS86IL84vLUpO1XPPLPEoTXLOzyvOz0n1yy9JZYAARiYGRi8GzpLM3NTiksTcgooiBqmM0pTi/Dy9ZIhiPayaGCoKgHSW1JLfGgConoHRjgAAAA==[0mGitHub API Usage: Current quota has 30 remaining (0 under budget). Next quota of 60 in 23 min

    Checking branch [8mha:////4I9qOD5NiWIz52n3P0Eef5z9+bjiLcI8AMYWD0hmRNPYAAAAvB+LCAAAAAAAAP9dzLENwjAQBdAjCEoKSsQMcQVCoFRQgBTRMIBlyCkOXGzLPqPAGKwBDUMwDjsQRMdv/m/+e7yhFzyMdSyCNenBmmAJ0/XFoafKnLaWcZrdn9nNvRJINtAnNCXrHLrRE8MwP6qzEqRMKXbsK1MuGg+jP2756y8Gv3QSgMa1Y8Cw0swuzIUoK9Zx375qcfUtS7OJCCg1ElnpWpzRS+WcYI8oVFHIpiZpI7vIH6VhbPfJAAAA[0madd_xml_output
      ‘Jenkinsfile’ found
    Met criteria
No changes detected: add_xml_output (still at aea8e5a2021da251a411eca4d4b49e51cc493172)
[8mha:////4EfMfi3BOTG8Mb6ojJke97v8bQPs1+06sx24Y+1lvvpcAAAAhB+LCAAAAAAAAP9b85aBtbiIwSa/KF0vKzUvOzOvODlTryCnNB3I0kvPLMkoTYpPKkrMS86IL84vLUpO1XPPLPEoTXLOzyvOz0n1yy9JZYAARiYGRi8GzpLM3NTiksTcgooiBqmM0pTi/Dy9ZIhiPayaGCoKgHSW1JLfDwG85DkzjgAAAA==[0mGitHub API Usage: Current quota has 29 remaining (1 over budget). Next quota of 60 in 23 min. Sleeping for 4 min 32 sec.
[8mha:////4CymXpaw8CoAyXaRNZA8jlPsHIZ7ehQ0OLJcyqONNFcFAAAAhB+LCAAAAAAAAP9b85aBtbiIwSa/KF0vKzUvOzOvODlTryCnNB3I0kvPLMkoTYpPKkrMS86IL84vLUpO1XPPLPEoTXLOzyvOz0n1yy9JZYAARiYGRi8GzpLM3NTiksTcgooiBqmM0pTi/Dy9ZIhiPayaGCoKgHSW1PLdzAC0lgKPjgAAAA==[0mGitHub API Usage: Still sleeping, now only 1 min 32 sec remaining.
[8mha:////4CKCCpfaJqscxNw5hY+H5aX+0M7N3ld7eL9zspvQZQhOAAAAhB+LCAAAAAAAAP9b85aBtbiIwSa/KF0vKzUvOzOvODlTryCnNB3I0kvPLMkoTYpPKkrMS86IL84vLUpO1XPPLPEoTXLOzyvOz0n1yy9JZYAARiYGRi8GzpLM3NTiksTcgooiBqmM0pTi/Dy9ZIhiPayaGCoKgHSW1EplRQBI+mTpjgAAAA==[0mGitHub API Usage: Current quota has 29 remaining (2 under budget). Next quota of 60 in 19 min

  3 branches were processed

  Checking pull-requests...

  0 pull requests were processed

Finished examining zraval85/se_hello_printer_app

[Sun Apr 14 07:04:13 UTC 2019] Finished branch indexing. Indexing took 4 min 34 sec
Finished: SUCCESS
