Started by timer
Started by timer
Started by timer
[Sun Apr 14 06:50:22 UTC 2019] Starting organization scan...
[Sun Apr 14 06:50:22 UTC 2019] Updating actions...
Looking up details of zraval85...
[8mha:////4IPCwfM1TxJKR0FGjK+akBV2ccn9/tepnT4ocGDh5uSqAAAAhB+LCAAAAAAAAP9b85aBtbiIwSa/KF0vKzUvOzOvODlTryCnNB3I0kvPLMkoTYpPKkrMS86IL84vLUpO1XPPLPEoTXLOzyvOz0n1yy9JZYAARiYGRi8GzpLM3NTiksTcgooiBqmM0pTi/Dy9ZIhiPayaGCoKgHSW1JxSTwCLzkxkjgAAAA==[0mGitHub API Usage: Current quota has 36 remaining (0 under budget). Next quota of 60 in 33 min
Organization URL: [8mha:////4BtuXPpWo5mKEjdnlPi9CFIwldZGu+JZNb4FR32Yzj4xAAAAmh+LCAAAAAAAAP9b85aBtbiIQSajNKU4P08vOT+vOD8nVc+jsiC1KCczL9svvyTVzHb1RttJBUeZGJg8GdhyUvPSSzJ8GJhLi3JKGIR8shLLEvVzEvPS9YNLijLz0q0rihik0IxzhtAgwxgggJGJgaGiAMhgK2GQzigpKSi20tdPzyzJKE0C6srVryoCGptjYQoAI9hykaAAAAA=[0mRafael
[Sun Apr 14 06:50:23 UTC 2019] Consulting GitHub Organization
[8mha:////4H+OUVGeQDjLN+VjQ7+ojiUHO12q7XyfV2THQfflNUEAAAAAhB+LCAAAAAAAAP9b85aBtbiIwSa/KF0vKzUvOzOvODlTryCnNB3I0kvPLMkoTYpPKkrMS86IL84vLUpO1XPPLPEoTXLOzyvOz0n1yy9JZYAARiYGRi8GzpLM3NTiksTcgooiBqmM0pTi/Dy9ZIhiPayaGCoKgHSW1JyKcwBFpj6ijgAAAA==[0mConnecting to https://api.github.com with no credentials, anonymous access
[8mha:////4H+OUVGeQDjLN+VjQ7+ojiUHO12q7XyfV2THQfflNUEAAAAAhB+LCAAAAAAAAP9b85aBtbiIwSa/KF0vKzUvOzOvODlTryCnNB3I0kvPLMkoTYpPKkrMS86IL84vLUpO1XPPLPEoTXLOzyvOz0n1yy9JZYAARiYGRi8GzpLM3NTiksTcgooiBqmM0pTi/Dy9ZIhiPayaGCoKgHSW1JyKcwBFpj6ijgAAAA==[0mGitHub API Usage: Current quota has 36 remaining (0 under budget). Next quota of 60 in 33 min
Looking up repositories of user zraval85

[8mha:////4Au2OFWoRttIRYzhHarqzOPpiHcTXO24ePsb9dYm6BstAAAAhB+LCAAAAAAAAP9b85aBtbiIwSa/KF0vKzUvOzOvODlTryCnNB3I0kvPLMkoTYpPKkrMS86IL84vLUpO1XPPLPEoTXLOzyvOz0n1yy9JZYAARiYGRi8GzpLM3NTiksTcgooiBqmM0pTi/Dy9ZIhiPayaGCoKgHSW1JzKKABZwEdMjgAAAA==[0mGitHub API Usage: Current quota has 35 remaining (1 over budget). Next quota of 60 in 33 min. Sleeping for 4 min 36 sec.
[8mha:////4JruDV+M5PGRCh7tkyhN33aMZwm7ujsjYQ1wQvFopPggAAAAhB+LCAAAAAAAAP9b85aBtbiIwSa/KF0vKzUvOzOvODlTryCnNB3I0kvPLMkoTYpPKkrMS86IL84vLUpO1XPPLPEoTXLOzyvOz0n1yy9JZYAARiYGRi8GzpLM3NTiksTcgooiBqmM0pTi/Dy9ZIhiPayaGCoKgHSW1HyLVgABzw+xjgAAAA==[0mGitHub API Usage: Still sleeping, now only 1 min 36 sec remaining.
[8mha:////4AzliD7Q42ciYb3mYOssUwfc1JIQda8/eJv4i1xy180DAAAAhB+LCAAAAAAAAP9b85aBtbiIwSa/KF0vKzUvOzOvODlTryCnNB3I0kvPLMkoTYpPKkrMS86IL84vLUpO1XPPLPEoTXLOzyvOz0n1yy9JZYAARiYGRi8GzpLM3NTiksTcgooiBqmM0pTi/Dy9ZIhiPayaGCoKgHSW1IKNTwH2L8s5jgAAAA==[0mGitHub API Usage: Current quota has 32 remaining (1 over budget). Next quota of 60 in 28 min. Sleeping for 4 min 36 sec.
[8mha:////4PBQOkpN9E7sU6vdaOrj9QJM+yhxsJCidU0iFsCiNZukAAAAhB+LCAAAAAAAAP9b85aBtbiIwSa/KF0vKzUvOzOvODlTryCnNB3I0kvPLMkoTYpPKkrMS86IL84vLUpO1XPPLPEoTXLOzyvOz0n1yy9JZYAARiYGRi8GzpLM3NTiksTcgooiBqmM0pTi/Dy9ZIhiPayaGCoKgHSW1OJCNgAj9XTJjgAAAA==[0mGitHub API Usage: Still sleeping, now only 1 min 36 sec remaining.
[8mha:////4BrB5qYdBMKqooUw/LPbxvGfmH92EttFjMNtpnMzGjU8AAAAhB+LCAAAAAAAAP9b85aBtbiIwSa/KF0vKzUvOzOvODlTryCnNB3I0kvPLMkoTYpPKkrMS86IL84vLUpO1XPPLPEoTXLOzyvOz0n1yy9JZYAARiYGRi8GzpLM3NTiksTcgooiBqmM0pTi/Dy9ZIhiPayaGCoKgHSW1JJXbwGHi1ZpjgAAAA==[0mGitHub API Usage: Current quota has 30 remaining (0 under budget). Next quota of 60 in 23 min
[8mha:////4NeHZ68y+wIsrp9p0O4cMnXTAcKuswaakUFeUbJUJpxkAAAAhB+LCAAAAAAAAP9b85aBtbiIwSa/KF0vKzUvOzOvODlTryCnNB3I0kvPLMkoTYpPKkrMS86IL84vLUpO1XPPLPEoTXLOzyvOz0n1yy9JZYAARiYGRi8GzpLM3NTiksTcgooiBqmM0pTi/Dy9ZIhiPayaGCoKgHSW1JK3jwDRAKi2jgAAAA==[0mGitHub API Usage: Current quota has 30 remaining (0 under budget). Next quota of 60 in 23 min
Proposing nauka_gita
[8mha:////4OHc0w0vQd9otPccHla/1u4rSiNigZvLtCeE/iSsnQArAAAAhB+LCAAAAAAAAP9b85aBtbiIwSa/KF0vKzUvOzOvODlTryCnNB3I0kvPLMkoTYpPKkrMS86IL84vLUpO1XPPLPEoTXLOzyvOz0n1yy9JZYAARiYGRi8GzpLM3NTiksTcgooiBqmM0pTi/Dy9ZIhiPayaGCoKgHSW1JJ3GQAsOeiQjgAAAA==[0mGitHub API Usage: Current quota has 30 remaining (0 under budget). Next quota of 60 in 23 min
Examining [8mha:////4PBiZJgR0FTh1B6jfxGr9NJZFMsJbZFxEbqCUqJT5AkyAAAApB+LCAAAAAAAAP9b85aBtbiIQSajNKU4P08vOT+vOD8nVc+jsiC1KCczL9svvyTVzHb1RttJBUeZGJg8GdhyUvPSSzJ8GJhLi3JKGIR8shLLEvVzEvPS9YNLijLz0q0rihik0IxzhtAgwxgggJGJgaGiAMgQLmFQyygpKSi20tdPzyzJKE0C6srVryoCGptjYaqfl1ianRgPlEkEAK+yT6mrAAAA[0mzraval85/nauka_gita

  Checking branches...
[8mha:////4N5loVKypNpQ5DmlioXzp/6ugT+V0S8dlIr+9QXO3a9rAAAAhB+LCAAAAAAAAP9b85aBtbiIwSa/KF0vKzUvOzOvODlTryCnNB3I0kvPLMkoTYpPKkrMS86IL84vLUpO1XPPLPEoTXLOzyvOz0n1yy9JZYAARiYGRi8GzpLM3NTiksTcgooiBqmM0pTi/Dy9ZIhiPayaGCoKgHSW1JL3GgD9SS//jgAAAA==[0mGitHub API Usage: Current quota has 30 remaining (0 under budget). Next quota of 60 in 23 min

  Getting remote branches...

    Checking branch [8mha:////4GVmnMdUcVO7EfkypzZqVEY1izoYxALI7n2NqHQrzRj2AAAAsB+LCAAAAAAAAP9b85aBtbiIQSajNKU4P08vOT+vOD8nVc+jsiC1KCczL9svvyTVzHb1RttJBUeZGJg8GdhyUvPSSzJ8GJhLi3JKGIR8shLLEvVzEvPS9YNLijLz0q0rihik0IxzhtAgwxgggJGJgaGiAMhgK2EwyigpKSi20tdPzyzJKE0C6srVryoCGptjYaqfl1ianRgPlEnULylKTdXPTSwuSS0CAIwEQTq3AAAA[0mmaster
[8mha:////4FwK8miejPcdPZEgJ8vNseQ4V1Zxd5JBpoLdPv02XlAWAAAAhB+LCAAAAAAAAP9b85aBtbiIwSa/KF0vKzUvOzOvODlTryCnNB3I0kvPLMkoTYpPKkrMS86IL84vLUpO1XPPLPEoTXLOzyvOz0n1yy9JZYAARiYGRi8GzpLM3NTiksTcgooiBqmM0pTi/Dy9ZIhiPayaGCoKgHSW1JL3dwD4f/9FjgAAAA==[0mGitHub API Usage: Current quota has 30 remaining (0 under budget). Next quota of 60 in 23 min

  Getting remote pull requests...
      ‘Jenkinsfile’ not found
    Does not meet criteria
[8mha:////4BcEA0JTvu35GkDr3tHg9atPOguVVKX66d0duOyN+z1tAAAAhB+LCAAAAAAAAP9b85aBtbiIwSa/KF0vKzUvOzOvODlTryCnNB3I0kvPLMkoTYpPKkrMS86IL84vLUpO1XPPLPEoTXLOzyvOz0n1yy9JZYAARiYGRi8GzpLM3NTiksTcgooiBqmM0pTi/Dy9ZIhiPayaGCoKgHSW1JKPnAB8ZgdnjgAAAA==[0mGitHub API Usage: Current quota has 30 remaining (0 under budget). Next quota of 60 in 23 min

    Checking branch [8mha:////4IYq670I2e1Rfr4+io4PWCX6gLE2YizFG7FDdVLmVszqAAAAtB+LCAAAAAAAAP9b85aBtbiIQSajNKU4P08vOT+vOD8nVc+jsiC1KCczL9svvyTVzHb1RttJBUeZGJg8GdhyUvPSSzJ8GJhLi3JKGIR8shLLEvVzEvPS9YNLijLz0q0rihik0IxzhtAgwxgggJGJgaGiAMjgLmEwzygpKSi20tdPzyzJKE0C6srVryoCGptjYaqfl1ianRgPlEnULylKTdVPzS4GOq0yNzWvBABzR8YfvAAAAA==[0meksperyment
      ‘Jenkinsfile’ not found
    Does not meet criteria
[8mha:////4LOtM9K5Dd1zL6Ux12oLm0JyLUwsMCqJ+sUKDLzpyfDpAAAAhB+LCAAAAAAAAP9b85aBtbiIwSa/KF0vKzUvOzOvODlTryCnNB3I0kvPLMkoTYpPKkrMS86IL84vLUpO1XPPLPEoTXLOzyvOz0n1yy9JZYAARiYGRi8GzpLM3NTiksTcgooiBqmM0pTi/Dy9ZIhiPayaGCoKgHSW1JKPOwHw1WasjgAAAA==[0mGitHub API Usage: Current quota has 30 remaining (0 under budget). Next quota of 60 in 23 min

  2 branches were processed

  Checking pull-requests...

  0 pull requests were processed

Finished examining zraval85/nauka_gita

[8mha:////4AUOZGsl1aPpJUfaEhrFRP1rsLF9ba3iCGW7oav2RpyMAAAAhB+LCAAAAAAAAP9b85aBtbiIwSa/KF0vKzUvOzOvODlTryCnNB3I0kvPLMkoTYpPKkrMS86IL84vLUpO1XPPLPEoTXLOzyvOz0n1yy9JZYAARiYGRi8GzpLM3NTiksTcgooiBqmM0pTi/Dy9ZIhiPayaGCoKgHSW1JKPuwHctGhCjgAAAA==[0mGitHub API Usage: Current quota has 30 remaining (0 under budget). Next quota of 60 in 23 min
Proposing se_hello_printer_app
[8mha:////4Fu8YnxSaKrF7aMx+8lbbuCGbrBkzpesEtQdU3ZqOA2/AAAAhB+LCAAAAAAAAP9b85aBtbiIwSa/KF0vKzUvOzOvODlTryCnNB3I0kvPLMkoTYpPKkrMS86IL84vLUpO1XPPLPEoTXLOzyvOz0n1yy9JZYAARiYGRi8GzpLM3NTiksTcgooiBqmM0pTi/Dy9ZIhiPayaGCoKgHSW1JKPewB/IQzcjgAAAA==[0mGitHub API Usage: Current quota has 30 remaining (0 under budget). Next quota of 60 in 23 min
Examining [8mha:////4BI1v2ybGM5FLCHUICwabBX9X8LT0QmGK2j60YUw+qH1AAAArh+LCAAAAAAAAP9b85aBtbiIQSajNKU4P08vOT+vOD8nVc+jsiC1KCczL9svvyTVzHb1RttJBUeZGJg8GdhyUvPSSzJ8GJhLi3JKGIR8shLLEvVzEvPS9YNLijLz0q0rihik0IxzhtAgwxgggJGJgaGiAMiQLWEwyCgpKSi20tdPzyzJKE0C6srVryoCGptjYapfnBqfkZqTkx9fADS8JLUoPrGgAADqeQ1HtQAAAA==[0mzraval85/se_hello_printer_app

  Checking branches...
[8mha:////4IyTSqQsfTFA/u0MUkEXdaVOXNRs6U3Lx2BVty1yMNAIAAAAhB+LCAAAAAAAAP9b85aBtbiIwSa/KF0vKzUvOzOvODlTryCnNB3I0kvPLMkoTYpPKkrMS86IL84vLUpO1XPPLPEoTXLOzyvOz0n1yy9JZYAARiYGRi8GzpLM3NTiksTcgooiBqmM0pTi/Dy9ZIhiPayaGCoKgHSW1JJP/QCqE/FIjgAAAA==[0mGitHub API Usage: Current quota has 30 remaining (0 under budget). Next quota of 60 in 23 min

  Getting remote branches...

    Checking branch [8mha:////4N7a4I9SL1v/Ae1t0eW0t583nR1Q0agWWKzKMPDLdpPnAAAAth+LCAAAAAAAAP9dzLENwjAQBdAjiAxAiZghrkAISEUDUkTDAJGBkx242JZ9QYExWAMahmAcdsAoHdf8+8V/zw8Mgoexbo7BmuxgTbCE2frq0FNlzlvLOM0fr/zu3gkkG0gJjWJdQL/xxDAsTvIiBUmjxI59ZdSi9TD641Zd/jDorpcAtC4+KcNSM7swF0JVrJt9XNXi5iNLs4kIWGoksqWLOKMvpXOCPaKoZYj9C40fNOzBAAAA[0mmaster
[8mha:////4PkoNaNXBqocH1ZxQ1nQ4sMrKKRe3v7vu8lleIYJeIoxAAAAhB+LCAAAAAAAAP9b85aBtbiIwSa/KF0vKzUvOzOvODlTryCnNB3I0kvPLMkoTYpPKkrMS86IL84vLUpO1XPPLPEoTXLOzyvOz0n1yy9JZYAARiYGRi8GzpLM3NTiksTcgooiBqmM0pTi/Dy9ZIhiPayaGCoKgHSW1JLPxgBM3T2TjgAAAA==[0mGitHub API Usage: Current quota has 30 remaining (0 under budget). Next quota of 60 in 23 min

  Getting remote pull requests...
      ‘Jenkinsfile’ found
    Met criteria

  1 branches were processed (query completed)

  1 branches were processed

Finished examining zraval85/se_hello_printer_app

[8mha:////4AkHGyVqt7KXHz7QkRAfIKdEAq19XI33qe0ZIzyMh2M4AAAAhB+LCAAAAAAAAP9b85aBtbiIwSa/KF0vKzUvOzOvODlTryCnNB3I0kvPLMkoTYpPKkrMS86IL84vLUpO1XPPLPEoTXLOzyvOz0n1yy9JZYAARiYGRi8GzpLM3NTiksTcgooiBqmM0pTi/Dy9ZIhiPayaGCoKgHSW1JIvHQCPIc+AjgAAAA==[0mGitHub API Usage: Current quota has 30 remaining (0 under budget). Next quota of 60 in 23 min
Proposing se_teaching_jenkins
[8mha:////4EUY566l/HZDB+c/vzMCro8Xfg/KXEOrAEv4+DBSBey7AAAAhB+LCAAAAAAAAP9b85aBtbiIwSa/KF0vKzUvOzOvODlTryCnNB3I0kvPLMkoTYpPKkrMS86IL84vLUpO1XPPLPEoTXLOzyvOz0n1yy9JZYAARiYGRi8GzpLM3NTiksTcgooiBqmM0pTi/Dy9ZIhiPayaGCoKgHSW1JIvnQAZEcj3jgAAAA==[0mGitHub API Usage: Current quota has 30 remaining (0 under budget). Next quota of 60 in 23 min
Examining [8mha:////4M0tHxiDmuVoJjwn5Ph3xYMhIUmwl3A11kO8a1y2KsM1AAAArR+LCAAAAAAAAP9b85aBtbiIQSajNKU4P08vOT+vOD8nVc+jsiC1KCczL9svvyTVzHb1RttJBUeZGJg8GdhyUvPSSzJ8GJhLi3JKGIR8shLLEvVzEvPS9YNLijLz0q0rihik0IxzhtAgwxgggJGJgaGiAMiQKWHQzygpKSi20tdPzyzJKE0C6srVryoCGptjYapfnBpfkpqYnAE0OT4rNS87M68YANX13DC0AAAA[0mzraval85/se_teaching_jenkins

  Checking branches...
[8mha:////4P0J9wNO+ffTxi0DF7kgOUslK0J6LHZ7DPnDQcNvY2FgAAAAhB+LCAAAAAAAAP9b85aBtbiIwSa/KF0vKzUvOzOvODlTryCnNB3I0kvPLMkoTYpPKkrMS86IL84vLUpO1XPPLPEoTXLOzyvOz0n1yy9JZYAARiYGRi8GzpLM3NTiksTcgooiBqmM0pTi/Dy9ZIhiPayaGCoKgHSW1JKvXgBSs77sjgAAAA==[0mGitHub API Usage: Current quota has 30 remaining (0 under budget). Next quota of 60 in 23 min

  Getting remote branches...

    Checking branch [8mha:////4ATSqUEJ2oI9XcLfhwrd4fSLwpttkzaUE5vjQ4Ml4r0UAAAAth+LCAAAAAAAAP9dzLENwjAUBNBPEBmAEjFDXIEQUSoakCIaBohM+LKdOLZl/6DAGKwBDUMwDjtgRMc1d829xxsmwcNc9qdgTVZbE6zGbHtx6LUy7d4SLov7s7i5VwLJDlKNRpAsYdx7TTAtG37mTHMj2IG8MiIfPMz+uM2vvxj8MkoABhdHSpBLIhfWjAlFsj/GV8euPrJ6tWABK0JeyyhXDZpWmcDII7KOB0L/Adgg4RXAAAAA[0mmaster
[8mha:////4Fp2pvImtsvl2Ucx/9c45PO93zwva98QF3pevIeLMkmDAAAAhB+LCAAAAAAAAP9b85aBtbiIwSa/KF0vKzUvOzOvODlTryCnNB3I0kvPLMkoTYpPKkrMS86IL84vLUpO1XPPLPEoTXLOzyvOz0n1yy9JZYAARiYGRi8GzpLM3NTiksTcgooiBqmM0pTi/Dy9ZIhiPayaGCoKgHSW1JKvHwFW2Q2wjgAAAA==[0mGitHub API Usage: Current quota has 30 remaining (0 under budget). Next quota of 60 in 23 min

  Getting remote pull requests...
      ‘Jenkinsfile’ not found
    Does not meet criteria
[8mha:////4C1exvcsm4ptcieYDtEcUWnKo14a1QbWWVgXXp3XOElWAAAAhB+LCAAAAAAAAP9b85aBtbiIwSa/KF0vKzUvOzOvODlTryCnNB3I0kvPLMkoTYpPKkrMS86IL84vLUpO1XPPLPEoTXLOzyvOz0n1yy9JZYAARiYGRi8GzpLM3NTiksTcgooiBqmM0pTi/Dy9ZIhiPayaGCoKgHSW1JLvugArJV4NjgAAAA==[0mGitHub API Usage: Current quota has 30 remaining (0 under budget). Next quota of 60 in 23 min

  1 branches were processed

  Checking pull-requests...

  0 pull requests were processed

Finished examining zraval85/se_teaching_jenkins

[8mha:////4C1exvcsm4ptcieYDtEcUWnKo14a1QbWWVgXXp3XOElWAAAAhB+LCAAAAAAAAP9b85aBtbiIwSa/KF0vKzUvOzOvODlTryCnNB3I0kvPLMkoTYpPKkrMS86IL84vLUpO1XPPLPEoTXLOzyvOz0n1yy9JZYAARiYGRi8GzpLM3NTiksTcgooiBqmM0pTi/Dy9ZIhiPayaGCoKgHSW1JLvugArJV4NjgAAAA==[0mGitHub API Usage: Current quota has 30 remaining (0 under budget). Next quota of 60 in 23 min
Proposing tester
[8mha:////4Hh/CWjpb14Z+TFe1QzRtb3biHwVA5+wyg2f3IBym6waAAAAhB+LCAAAAAAAAP9b85aBtbiIwSa/KF0vKzUvOzOvODlTryCnNB3I0kvPLMkoTYpPKkrMS86IL84vLUpO1XPPLPEoTXLOzyvOz0n1yy9JZYAARiYGRi8GzpLM3NTiksTcgooiBqmM0pTi/Dy9ZIhiPayaGCoKgHSW1JLvegCRdFeUjgAAAA==[0mGitHub API Usage: Current quota has 30 remaining (0 under budget). Next quota of 60 in 23 min
Examining [8mha:////4ODrkYr9P65o7MyYOol/J/8Lgq/S2Lx1ATO85WuS3vgGAAAAoR+LCAAAAAAAAP9b85aBtbiIQSajNKU4P08vOT+vOD8nVc+jsiC1KCczL9svvyTVzHb1RttJBUeZGJg8GdhyUvPSSzJ8GJhLi3JKGIR8shLLEvVzEvPS9YNLijLz0q0rihik0IxzhtAgwxgggJGJgaGiAMjgL2FQyigpKSi20tdPzyzJKE0C6srVryoCGptjYapfklpckloEAKSU4YCnAAAA[0mzraval85/tester

  Checking branches...
[8mha:////4EapLRGcybJm+mpby1VGGF8bNbauJ4/QsJ6c/Fq6VSQvAAAAhB+LCAAAAAAAAP9b85aBtbiIwSa/KF0vKzUvOzOvODlTryCnNB3I0kvPLMkoTYpPKkrMS86IL84vLUpO1XPPLPEoTXLOzyvOz0n1yy9JZYAARiYGRi8GzpLM3NTiksTcgooiBqmM0pTi/Dy9ZIhiPayaGCoKgHSW1JLv7wG3hjR4jgAAAA==[0mGitHub API Usage: Current quota has 30 remaining (0 under budget). Next quota of 60 in 23 min

  Getting remote branches...

    Checking branch [8mha:////4N/uy7wrmuhiB6JnoT7cRRGOLfEBVuMDKQZ5AhnjOzPHAAAAqh+LCAAAAAAAAP9djLENwjAQRY8gMgAlYoZcBUKgVDQgRTRMYOBkBxzbOl9QYAzWgIYhGIcdSJSO3/zXvPf6wigyTE19it5lR++it5RtboHYlu6y80Lz/PnOH+GTQLKF1JLTYgoY1mwFxsVZXRVa5TTuhUunVw3D5C+37r+LQb9BAtCEFlKBzIiEuETUpZj60FoV3rnN2sUMhaIQozARVqrjHzcDndezAAAA[0mmaster
[8mha:////4AAxOC7BWnhoBqJ3HTL9oAqBJd7RncJxz33IVv6Ubz45AAAAhB+LCAAAAAAAAP9b85aBtbiIwSa/KF0vKzUvOzOvODlTryCnNB3I0kvPLMkoTYpPKkrMS86IL84vLUpO1XPPLPEoTXLOzyvOz0n1yy9JZYAARiYGRi8GzpLM3NTiksTcgooiBqmM0pTi/Dy9ZIhiPayaGCoKgHSW1JIf3QA5P3O1jgAAAA==[0mGitHub API Usage: Current quota has 30 remaining (0 under budget). Next quota of 60 in 23 min

  Getting remote pull requests...
      ‘Jenkinsfile’ not found
    Does not meet criteria
[8mha:////4HIQQvR5XYDqF8R2WzldfjRDfzk/gFXc3fjwdxnAGol5AAAAhB+LCAAAAAAAAP9b85aBtbiIwSa/KF0vKzUvOzOvODlTryCnNB3I0kvPLMkoTYpPKkrMS86IL84vLUpO1XPPLPEoTXLOzyvOz0n1yy9JZYAARiYGRi8GzpLM3NTiksTcgooiBqmM0pTi/Dy9ZIhiPayaGCoKgHSW1JKfJwBSHr1DjgAAAA==[0mGitHub API Usage: Current quota has 30 remaining (0 under budget). Next quota of 60 in 23 min

  1 branches were processed

  Checking pull-requests...

  0 pull requests were processed

Finished examining zraval85/tester

[8mha:////4JnEK9G0c6KrS74E+lSKTDt5uJ6wzhRkgikLEBoooQPZAAAAhB+LCAAAAAAAAP9b85aBtbiIwSa/KF0vKzUvOzOvODlTryCnNB3I0kvPLMkoTYpPKkrMS86IL84vLUpO1XPPLPEoTXLOzyvOz0n1yy9JZYAARiYGRi8GzpLM3NTiksTcgooiBqmM0pTi/Dy9ZIhiPayaGCoKgHSW1JKfJwHELro0jgAAAA==[0m4 repositories were processed
[Sun Apr 14 06:59:40 UTC 2019] Finished organization scan. Scan took 9 min 18 sec
Finished: SUCCESS
